Arguments: 
  /usr/bin/node /usr/bin/yarn add querystring @types/querystring axios @types/axios

PATH: 
  /home/sahal/.sdkman/candidates/gradle/current/bin:/home/sahal/Android/Sdk/tools:/home/sahal/Android/Sdk/platform-tools:/home/sahal/Android/Sdk:/home/sahal/GameEngine/cocos2d-x-3.16/templates:/home/sahal/GameEngine:/home/sahal/GameEngine/cocos2d-x-3.16/tools/cocos2d-console/bin:/usr/local/sbin:/usr/local/bin:/usr/sbin:/usr/bin:/sbin:/bin:/usr/games:/usr/local/games:$JAVA_HOME/bin:/snap/bin:/usr/lib/jvm/java-8-oracle/bin:/usr/lib/jvm/java-8-oracle/db/bin:/usr/lib/jvm/java-8-oracle/jre/bin:/usr/local/go/bin:/usr/local/cuda-9.1/bin:/home/sahal/go/bin:/home/sahal/Android/Sdk/tools:/home/sahal/Android/Sdk/platform-tools:/usr/local/share/scala/bin

Yarn version: 
  1.7.0

Node version: 
  8.9.4

Platform: 
  linux x64

Trace: 
  Error: https://registry.yarnpkg.com/@types%2fquerystring: Not found
      at Request.params.callback [as _callback] (/usr/lib/node_modules/yarn/lib/cli.js:65656:18)
      at Request.self.callback (/usr/lib/node_modules/yarn/lib/cli.js:134675:22)
      at emitTwo (events.js:126:13)
      at Request.emit (events.js:214:7)
      at Request.<anonymous> (/usr/lib/node_modules/yarn/lib/cli.js:135658:10)
      at emitOne (events.js:116:13)
      at Request.emit (events.js:211:7)
      at IncomingMessage.<anonymous> (/usr/lib/node_modules/yarn/lib/cli.js:135578:12)
      at Object.onceWrapper (events.js:313:30)
      at emitNone (events.js:111:20)

npm manifest: 
  {
    "name": "hapi-knoc",
    "version": "0.0.1",
    "description": "A Hapi.js plugin for Authentication like Bell, but with freedom of validation logic handling left as pluggable parameters ",
    "main": "dist/index.js",
    "repository": "https://github.com/knocus/hapi-knoc.git",
    "author": "Sahal Sajjad",
    "license": "MIT",
    "private": false,
    "dependencies": {
      "typescript": "^2.9.2"
    }
  }

yarn manifest: 
  No manifest

Lockfile: 
  # THIS IS AN AUTOGENERATED FILE. DO NOT EDIT THIS FILE DIRECTLY.
  # yarn lockfile v1
  
  
  typescript@^2.9.2:
    version "2.9.2"
    resolved "https://registry.yarnpkg.com/typescript/-/typescript-2.9.2.tgz#1cbf61d05d6b96269244eb6a3bce4bd914e0f00c"
